have_header: checking for unistd.h... -------------------- yes

"gcc -o conftest -I/opt/chefdk/embedded/include/ruby-2.4.0/x86_64-linux -I/opt/chefdk/embedded/include/ruby-2.4.0/ruby/backward -I/opt/chefdk/embedded/include/ruby-2.4.0 -I. -I/opt/chefdk/embedded/include -O2 -O3 -g -pipe -I/opt/chefdk/embedded/include   -I/opt/chefdk/embedded/include -O2 -O3 -g -pipe -fPIC conftest.c  -L. -L/opt/chefdk/embedded/lib -Wl,-rpath,/opt/chefdk/embedded/lib -L/opt/chefdk/embedded/lib -Wl,-rpath,/opt/chefdk/embedded/lib -L. -Wl,-rpath,/opt/chefdk/embedded/lib -L/opt/chefdk/embedded/lib -fstack-protector -rdynamic -Wl,-export-dynamic -L/opt/chefdk/embedded/lib  -Wl,-rpath,/opt/chefdk/embedded/lib     -Wl,-rpath,/opt/chefdk/embedded/lib -L/opt/chefdk/embedded/lib -lruby  -lpthread -ldl -lcrypt -lm   -lc"
checked program was:
/* begin */
1: #include "ruby.h"
2: 
3: int main(int argc, char **argv)
4: {
5:   return 0;
6: }
/* end */

"gcc -E -I/opt/chefdk/embedded/include/ruby-2.4.0/x86_64-linux -I/opt/chefdk/embedded/include/ruby-2.4.0/ruby/backward -I/opt/chefdk/embedded/include/ruby-2.4.0 -I. -I/opt/chefdk/embedded/include -O2 -O3 -g -pipe -I/opt/chefdk/embedded/include   -I/opt/chefdk/embedded/include -O2 -O3 -g -pipe -fPIC  conftest.c -o conftest.i"
checked program was:
/* begin */
1: #include "ruby.h"
2: 
3: #include <unistd.h>
/* end */

--------------------

have_header: checking for sys/select.h... -------------------- yes

"gcc -E -I/opt/chefdk/embedded/include/ruby-2.4.0/x86_64-linux -I/opt/chefdk/embedded/include/ruby-2.4.0/ruby/backward -I/opt/chefdk/embedded/include/ruby-2.4.0 -I. -I/opt/chefdk/embedded/include -O2 -O3 -g -pipe -I/opt/chefdk/embedded/include   -I/opt/chefdk/embedded/include -O2 -O3 -g -pipe -fPIC  conftest.c -o conftest.i"
checked program was:
/* begin */
1: #include "ruby.h"
2: 
3: #include <sys/select.h>
/* end */

--------------------

have_type: checking for port_event_t in poll.h... -------------------- no

"gcc -I/opt/chefdk/embedded/include/ruby-2.4.0/x86_64-linux -I/opt/chefdk/embedded/include/ruby-2.4.0/ruby/backward -I/opt/chefdk/embedded/include/ruby-2.4.0 -I. -I/opt/chefdk/embedded/include -O2 -O3 -g -pipe -I/opt/chefdk/embedded/include   -I/opt/chefdk/embedded/include -O2 -O3 -g -pipe -fPIC   -c conftest.c"
conftest.c:6:1: error: unknown type name ‘port_event_t’
 typedef port_event_t conftest_type;
 ^
checked program was:
/* begin */
1: #include "ruby.h"
2: 
3: #include <poll.h>
4: 
5: /*top*/
6: typedef port_event_t conftest_type;
7: int conftestval[sizeof(conftest_type)?1:-1];
/* end */

--------------------

have_header: checking for sys/epoll.h... -------------------- yes

"gcc -E -I/opt/chefdk/embedded/include/ruby-2.4.0/x86_64-linux -I/opt/chefdk/embedded/include/ruby-2.4.0/ruby/backward -I/opt/chefdk/embedded/include/ruby-2.4.0 -I. -I/opt/chefdk/embedded/include -O2 -O3 -g -pipe -I/opt/chefdk/embedded/include   -I/opt/chefdk/embedded/include -O2 -O3 -g -pipe -fPIC  conftest.c -o conftest.i"
checked program was:
/* begin */
1: #include "ruby.h"
2: 
3: #include <sys/epoll.h>
/* end */

--------------------

have_header: checking for sys/event.h... -------------------- no

"gcc -E -I/opt/chefdk/embedded/include/ruby-2.4.0/x86_64-linux -I/opt/chefdk/embedded/include/ruby-2.4.0/ruby/backward -I/opt/chefdk/embedded/include/ruby-2.4.0 -I. -I/opt/chefdk/embedded/include -O2 -O3 -g -pipe -I/opt/chefdk/embedded/include   -I/opt/chefdk/embedded/include -O2 -O3 -g -pipe -fPIC  conftest.c -o conftest.i"
conftest.c:3:23: fatal error: sys/event.h: No such file or directory
 #include <sys/event.h>
                       ^
compilation terminated.
checked program was:
/* begin */
1: #include "ruby.h"
2: 
3: #include <sys/event.h>
/* end */

--------------------

have_type: checking for port_event_t in port.h... -------------------- no

"gcc -I/opt/chefdk/embedded/include/ruby-2.4.0/x86_64-linux -I/opt/chefdk/embedded/include/ruby-2.4.0/ruby/backward -I/opt/chefdk/embedded/include/ruby-2.4.0 -I. -I/opt/chefdk/embedded/include -O2 -O3 -g -pipe -I/opt/chefdk/embedded/include   -I/opt/chefdk/embedded/include -O2 -O3 -g -pipe -fPIC   -c conftest.c"
conftest.c:3:18: fatal error: port.h: No such file or directory
 #include <port.h>
                  ^
compilation terminated.
checked program was:
/* begin */
1: #include "ruby.h"
2: 
3: #include <port.h>
4: 
5: /*top*/
6: typedef port_event_t conftest_type;
7: int conftestval[sizeof(conftest_type)?1:-1];
/* end */

--------------------

have_header: checking for sys/resource.h... -------------------- yes

"gcc -E -I/opt/chefdk/embedded/include/ruby-2.4.0/x86_64-linux -I/opt/chefdk/embedded/include/ruby-2.4.0/ruby/backward -I/opt/chefdk/embedded/include/ruby-2.4.0 -I. -I/opt/chefdk/embedded/include -O2 -O3 -g -pipe -I/opt/chefdk/embedded/include   -I/opt/chefdk/embedded/include -O2 -O3 -g -pipe -fPIC  conftest.c -o conftest.i"
checked program was:
/* begin */
1: #include "ruby.h"
2: 
3: #include <sys/resource.h>
/* end */

--------------------

